<?xml version="1.0" encoding="UTF-8"?>
<testng-results skipped="0" failed="0" ignored="0" total="1" passed="1">
  <reporter-output>
  </reporter-output>
  <suite name="Suite" duration-ms="2497549" started-at="2020-04-20T06:59:55Z" finished-at="2020-04-20T07:41:33Z">
    <groups>
    </groups>
    <test name="Test" duration-ms="2497549" started-at="2020-04-20T06:59:55Z" finished-at="2020-04-20T07:41:33Z">
      <class name="com.smarteinc.api.tests.PEApiExecutionWithCSVTest">
        <test-method status="PASS" signature="beforeTest()[pri:0, instance:com.smarteinc.api.tests.PEApiExecutionWithCSVTest@4c40b76e]" name="beforeTest" is-config="true" duration-ms="10" started-at="2020-04-20T06:59:55Z" finished-at="2020-04-20T06:59:55Z">
          <reporter-output>
          </reporter-output>
        </test-method> <!-- beforeTest -->
        <test-method status="PASS" signature="readCSV()[pri:0, instance:com.smarteinc.api.tests.PEApiExecutionWithCSVTest@4c40b76e]" name="readCSV" duration-ms="2497521" started-at="2020-04-20T06:59:55Z" finished-at="2020-04-20T07:41:33Z">
          <reporter-output>
          </reporter-output>
        </test-method> <!-- readCSV -->
      </class> <!-- com.smarteinc.api.tests.PEApiExecutionWithCSVTest -->
    </test> <!-- Test -->
  </suite> <!-- Suite -->
</testng-results>
