<?xml version="1.0" encoding="UTF-8"?>
<testng-results skipped="0" failed="0" ignored="0" total="1" passed="1">
  <reporter-output>
    <line>
      <![CDATA[Updated null Successfully in Col No : 7 and Row No : 1]]>
    </line>
    <line>
      <![CDATA[Updated 2020-07-21 21:44:32 Successfully in Col No : 11 and Row No : 1]]>
    </line>
    <line>
      <![CDATA[Updated 2020-07-21 21:44:37 Successfully in Col No : 12 and Row No : 1]]>
    </line>
    <line>
      <![CDATA[Updated 4 485 Successfully in Col No : 13 and Row No : 1]]>
    </line>
    <line>
      <![CDATA[Updated Vendor No Match Successfully in Col No : 8 and Row No : 1]]>
    </line>
    <line>
      <![CDATA[Updated 2020-07-21 21:44:32 Successfully in Col No : 11 and Row No : 1]]>
    </line>
    <line>
      <![CDATA[Updated 2020-07-21 21:44:37 Successfully in Col No : 12 and Row No : 1]]>
    </line>
    <line>
      <![CDATA[Updated 4 485 Successfully in Col No : 13 and Row No : 1]]>
    </line>
    <line>
      <![CDATA[Updated null Successfully in Col No : 9 and Row No : 1]]>
    </line>
    <line>
      <![CDATA[Updated 2020-07-21 21:44:32 Successfully in Col No : 11 and Row No : 1]]>
    </line>
    <line>
      <![CDATA[Updated 2020-07-21 21:44:37 Successfully in Col No : 12 and Row No : 1]]>
    </line>
    <line>
      <![CDATA[Updated 4 485 Successfully in Col No : 13 and Row No : 1]]>
    </line>
    <line>
      <![CDATA[Updated null Successfully in Col No : 10 and Row No : 1]]>
    </line>
    <line>
      <![CDATA[Updated 2020-07-21 21:44:32 Successfully in Col No : 11 and Row No : 1]]>
    </line>
    <line>
      <![CDATA[Updated 2020-07-21 21:44:37 Successfully in Col No : 12 and Row No : 1]]>
    </line>
    <line>
      <![CDATA[Updated 4 485 Successfully in Col No : 13 and Row No : 1]]>
    </line>
    <line>
      <![CDATA[Updated null Successfully in Col No : 7 and Row No : 2]]>
    </line>
    <line>
      <![CDATA[Updated 2020-07-21 21:44:37 Successfully in Col No : 11 and Row No : 2]]>
    </line>
    <line>
      <![CDATA[Updated 2020-07-21 21:44:40 Successfully in Col No : 12 and Row No : 2]]>
    </line>
    <line>
      <![CDATA[Updated 3 636 Successfully in Col No : 13 and Row No : 2]]>
    </line>
    <line>
      <![CDATA[Updated Vendor No Match Successfully in Col No : 8 and Row No : 2]]>
    </line>
    <line>
      <![CDATA[Updated 2020-07-21 21:44:37 Successfully in Col No : 11 and Row No : 2]]>
    </line>
    <line>
      <![CDATA[Updated 2020-07-21 21:44:40 Successfully in Col No : 12 and Row No : 2]]>
    </line>
    <line>
      <![CDATA[Updated 3 636 Successfully in Col No : 13 and Row No : 2]]>
    </line>
    <line>
      <![CDATA[Updated null Successfully in Col No : 9 and Row No : 2]]>
    </line>
    <line>
      <![CDATA[Updated 2020-07-21 21:44:37 Successfully in Col No : 11 and Row No : 2]]>
    </line>
    <line>
      <![CDATA[Updated 2020-07-21 21:44:40 Successfully in Col No : 12 and Row No : 2]]>
    </line>
    <line>
      <![CDATA[Updated 3 636 Successfully in Col No : 13 and Row No : 2]]>
    </line>
    <line>
      <![CDATA[Updated null Successfully in Col No : 10 and Row No : 2]]>
    </line>
    <line>
      <![CDATA[Updated 2020-07-21 21:44:37 Successfully in Col No : 11 and Row No : 2]]>
    </line>
    <line>
      <![CDATA[Updated 2020-07-21 21:44:40 Successfully in Col No : 12 and Row No : 2]]>
    </line>
    <line>
      <![CDATA[Updated 3 636 Successfully in Col No : 13 and Row No : 2]]>
    </line>
    <line>
      <![CDATA[Successfuly saved file to : /G:/smarte/Automation/com.smarteinc.automation/target/test-classes/TestData/DirectDial/Newdirectdial.xlsx]]>
    </line>
  </reporter-output>
  <suite name="Default suite" duration-ms="11468" started-at="2020-07-21T16:14:29Z" finished-at="2020-07-21T16:14:41Z">
    <groups>
    </groups>
    <test name="Default test" duration-ms="11468" started-at="2020-07-21T16:14:29Z" finished-at="2020-07-21T16:14:41Z">
      <class name="com.smarteinc.api.tests.DirectDialTest">
        <test-method status="PASS" signature="beforeTest()[pri:0, instance:com.smarteinc.api.tests.DirectDialTest@6d4e5011]" name="beforeTest" is-config="true" duration-ms="19" started-at="2020-07-21T16:14:29Z" finished-at="2020-07-21T16:14:29Z">
          <reporter-output>
          </reporter-output>
        </test-method> <!-- beforeTest -->
        <test-method status="PASS" signature="DirectdialTest()[pri:0, instance:com.smarteinc.api.tests.DirectDialTest@6d4e5011]" name="DirectdialTest" duration-ms="11416" started-at="2020-07-21T16:14:29Z" finished-at="2020-07-21T16:14:41Z">
          <reporter-output>
            <line>
              <![CDATA[Updated null Successfully in Col No : 7 and Row No : 1]]>
            </line>
            <line>
              <![CDATA[Updated 2020-07-21 21:44:32 Successfully in Col No : 11 and Row No : 1]]>
            </line>
            <line>
              <![CDATA[Updated 2020-07-21 21:44:37 Successfully in Col No : 12 and Row No : 1]]>
            </line>
            <line>
              <![CDATA[Updated 4 485 Successfully in Col No : 13 and Row No : 1]]>
            </line>
            <line>
              <![CDATA[Updated Vendor No Match Successfully in Col No : 8 and Row No : 1]]>
            </line>
            <line>
              <![CDATA[Updated 2020-07-21 21:44:32 Successfully in Col No : 11 and Row No : 1]]>
            </line>
            <line>
              <![CDATA[Updated 2020-07-21 21:44:37 Successfully in Col No : 12 and Row No : 1]]>
            </line>
            <line>
              <![CDATA[Updated 4 485 Successfully in Col No : 13 and Row No : 1]]>
            </line>
            <line>
              <![CDATA[Updated null Successfully in Col No : 9 and Row No : 1]]>
            </line>
            <line>
              <![CDATA[Updated 2020-07-21 21:44:32 Successfully in Col No : 11 and Row No : 1]]>
            </line>
            <line>
              <![CDATA[Updated 2020-07-21 21:44:37 Successfully in Col No : 12 and Row No : 1]]>
            </line>
            <line>
              <![CDATA[Updated 4 485 Successfully in Col No : 13 and Row No : 1]]>
            </line>
            <line>
              <![CDATA[Updated null Successfully in Col No : 10 and Row No : 1]]>
            </line>
            <line>
              <![CDATA[Updated 2020-07-21 21:44:32 Successfully in Col No : 11 and Row No : 1]]>
            </line>
            <line>
              <![CDATA[Updated 2020-07-21 21:44:37 Successfully in Col No : 12 and Row No : 1]]>
            </line>
            <line>
              <![CDATA[Updated 4 485 Successfully in Col No : 13 and Row No : 1]]>
            </line>
            <line>
              <![CDATA[Updated null Successfully in Col No : 7 and Row No : 2]]>
            </line>
            <line>
              <![CDATA[Updated 2020-07-21 21:44:37 Successfully in Col No : 11 and Row No : 2]]>
            </line>
            <line>
              <![CDATA[Updated 2020-07-21 21:44:40 Successfully in Col No : 12 and Row No : 2]]>
            </line>
            <line>
              <![CDATA[Updated 3 636 Successfully in Col No : 13 and Row No : 2]]>
            </line>
            <line>
              <![CDATA[Updated Vendor No Match Successfully in Col No : 8 and Row No : 2]]>
            </line>
            <line>
              <![CDATA[Updated 2020-07-21 21:44:37 Successfully in Col No : 11 and Row No : 2]]>
            </line>
            <line>
              <![CDATA[Updated 2020-07-21 21:44:40 Successfully in Col No : 12 and Row No : 2]]>
            </line>
            <line>
              <![CDATA[Updated 3 636 Successfully in Col No : 13 and Row No : 2]]>
            </line>
            <line>
              <![CDATA[Updated null Successfully in Col No : 9 and Row No : 2]]>
            </line>
            <line>
              <![CDATA[Updated 2020-07-21 21:44:37 Successfully in Col No : 11 and Row No : 2]]>
            </line>
            <line>
              <![CDATA[Updated 2020-07-21 21:44:40 Successfully in Col No : 12 and Row No : 2]]>
            </line>
            <line>
              <![CDATA[Updated 3 636 Successfully in Col No : 13 and Row No : 2]]>
            </line>
            <line>
              <![CDATA[Updated null Successfully in Col No : 10 and Row No : 2]]>
            </line>
            <line>
              <![CDATA[Updated 2020-07-21 21:44:37 Successfully in Col No : 11 and Row No : 2]]>
            </line>
            <line>
              <![CDATA[Updated 2020-07-21 21:44:40 Successfully in Col No : 12 and Row No : 2]]>
            </line>
            <line>
              <![CDATA[Updated 3 636 Successfully in Col No : 13 and Row No : 2]]>
            </line>
            <line>
              <![CDATA[Successfuly saved file to : /G:/smarte/Automation/com.smarteinc.automation/target/test-classes/TestData/DirectDial/Newdirectdial.xlsx]]>
            </line>
          </reporter-output>
        </test-method> <!-- DirectdialTest -->
      </class> <!-- com.smarteinc.api.tests.DirectDialTest -->
    </test> <!-- Default test -->
  </suite> <!-- Default suite -->
</testng-results>
